2025-07-27 14:27:53,919 - INFO - Intrusion recorded: intrusions/intrusion_20250727_142748.avi
2025-07-27 14:28:36,164 - INFO - Intrusion recorded: intrusions/intrusion_20250727_142830.avi
2025-07-27 14:29:29,969 - INFO - Intrusion recorded: intrusions/intrusion_20250727_142924.avi
2025-07-27 14:32:00,614 - INFO - Intrusion recorded: intrusions/intrusion_20250727_143155.avi
2025-07-27 14:32:19,102 - INFO - Intrusion recorded: intrusions/intrusion_20250727_143213.avi
2025-07-27 14:35:18,559 - INFO - Intrusion recorded: intrusions/intrusion_20250727_143513.avi
2025-07-27 14:36:55,650 - INFO - Intrusion recorded: intrusions/intrusion_20250727_143650.avi
2025-07-27 14:38:11,142 - INFO - Intrusion recorded: intrusions/intrusion_20250727_143805.avi
2025-07-27 14:41:26,844 - INFO - Intrusion recorded: intrusions/intrusion_20250727_144121.avi
2025-07-27 14:44:02,152 - INFO - USB ports enabled
2025-07-27 14:44:05,879 - INFO - Alert email sent.
2025-07-27 14:44:12,804 - INFO - USB ports disabled
2025-07-27 14:44:15,319 - INFO - Alert email sent.
2025-07-27 14:47:46,972 - INFO - USB ports enabled
2025-07-27 14:47:49,859 - INFO - Alert email sent.
2025-07-27 18:23:51,817 - INFO - USB ports disabled
2025-07-27 18:23:55,501 - INFO - Alert email sent.
2025-07-27 20:39:03,273 - INFO - USB ports enabled
2025-07-27 20:39:06,730 - INFO - Alert email sent.
2025-07-27 20:52:46,363 - INFO - USB ports disabled
2025-07-27 20:52:50,399 - INFO - Alert email sent.
2025-07-27 21:24:33,379 - INFO - USB ports enabled
2025-07-27 21:24:36,729 - INFO - Alert email sent.
2025-07-27 21:24:40,814 - INFO - Admin performed USB enabled
2025-07-27 21:24:46,013 - INFO - USB ports disabled
2025-07-27 21:24:49,069 - INFO - Alert email sent.
2025-07-27 21:24:51,818 - INFO - Admin performed USB disabled
2025-07-27 21:25:25,609 - INFO - Intrusion recorded: intrusions/intrusion_20250727_212520.avi
2025-07-27 21:51:29,156 - INFO - Intrusion recorded: intrusions/intrusion_20250727_215123.avi
vijaychinthapatla1@gmail.com viewed user logs.
vijaychinthapatla1@gmail.com viewed user logs.
vijaychinthapatla1@gmail.com viewed user logs.
vijaychinthapatla1@gmail.com viewed user logs.
vijaychinthapatla1@gmail.com viewed user logs.
2025-07-28 23:20:06 - vijaychinthapatla1@gmail.com viewed user logs.
2025-07-29 16:42:37 - vijaychinthapatla1@gmail.com viewed user logs.
2025-07-29 17:40:25 - vijaychinthapatla1@gmail.com viewed user logs.
2025-07-29 17:45:34 - vijaychinthapatla1@gmail.com viewed user logs.
2025-07-29 17:57:23 - None logged out.
2025-07-29 17:57:37 - None logged out.
2025-07-29 17:58:00 - vijaychinthapatla1@gmail.com logged in.
2025-07-29 17:58:07 - vijaychinthapatla1@gmail.com viewed user logs.
2025-07-29 17:58:14 - vijaychinthapatla1@gmail.com clicked Project Info
2025-07-29 17:58:22 - vijaychinthapatla1@gmail.com clicked Disable USB
2025-07-29 17:58:27 - vijaychinthapatla1@gmail.com clicked Enable USB
2025-07-29 17:58:32 - vijaychinthapatla1@gmail.com clicked Enable USB
2025-07-29 17:58:50 - vijaychinthapatla1@gmail.com viewed user logs.
2025-07-29 18:06:38 - vijaychinthapatla1@gmail.com viewed user logs.
2025-07-29 18:10:07 - siva.epl222@gmail.com viewed user logs.
2025-07-29 18:10:50 - siva.epl222@gmail.com viewed user logs.
2025-07-29 18:12:50 - siva.epl222@gmail.com viewed user logs.
2025-07-29 22:23:47 - vijaychinthapatla1@gmail.com viewed user logs.
2025-07-31 17:46:09 - vijaychinthapatla1@gmail.com viewed user logs.
2025-07-31 18:30:32 - vajramvenky679@gmail.com viewed user logs.
2025-08-01 18:23:29 - vijaychinthapatla1@gmail.com viewed user logs.
