2025-07-27 22:07:25 - ERROR - Logo not found: [Errno 2] No such file or directory: 'logo.jpg'
2025-07-27 22:07:25 - INFO - USB Physical Security application started
2025-07-27 22:07:25 - INFO - ================================================================================
2025-07-27 22:07:25 - INFO - USB Physical Security Application Started
2025-07-27 22:07:25 - INFO - Start Time: 2025-07-27 22:07:25
2025-07-27 22:07:25 - INFO - Operating System: nt Windows_NT
2025-07-27 22:07:25 - INFO - ================================================================================
2025-07-27 22:07:50 - INFO - Loaded 2 users from database
2025-07-27 22:07:57 - INFO - Loaded 2 users from database
2025-07-27 22:08:08 - INFO - Loaded 2 users from database
2025-07-27 22:08:30 - INFO - Loaded 2 users from database
2025-07-27 22:08:35 - INFO - Registration window opened
2025-07-27 22:08:40 - INFO - Loaded 2 users from database
2025-07-27 22:08:54 - ERROR - Logo not found: [Errno 2] No such file or directory: 'logo.jpg'
2025-07-27 22:08:54 - INFO - USB Physical Security application started
2025-07-27 22:08:54 - INFO - ================================================================================
2025-07-27 22:08:54 - INFO - USB Physical Security Application Started
2025-07-27 22:08:54 - INFO - Start Time: 2025-07-27 22:08:54
2025-07-27 22:08:54 - INFO - Operating System: nt Windows_NT
2025-07-27 22:08:54 - INFO - ================================================================================
2025-07-27 22:09:16 - INFO - Loaded 2 users from database
2025-07-27 22:09:34 - ERROR - Logo not found: [Errno 2] No such file or directory: 'logo.jpg'
2025-07-27 22:09:34 - INFO - USB Physical Security application started
2025-07-27 22:09:34 - INFO - ================================================================================
2025-07-27 22:09:34 - INFO - USB Physical Security Application Started
2025-07-27 22:09:34 - INFO - Start Time: 2025-07-27 22:09:34
2025-07-27 22:09:34 - INFO - Operating System: nt Windows_NT
2025-07-27 22:09:34 - INFO - ================================================================================
2025-07-27 22:09:52 - INFO - Loaded 2 users from database
